O O O O O O O O B-city_name
O O O O O O B-city_name
B-city_name O O
O O O O O O O B-city_name
O O O O O O B-fromloc.airport_name I-fromloc.airport_name O O O O
O O O B-city_name I-city_name
O O O O O O O O B-city_name
O O O O B-time O O O O B-toloc.city_name
O O O O O O O O B-city_name I-city_name I-city_name
O O O O O O B-city_name
O O O O O O O O O O B-city_name
O O O B-transport_type I-transport_type O B-city_name
O O O O O O O O O O O O O O O O O B-city_name
O O B-city_name
O O O O O B-city_name O O O
O O O O O O O O B-city_name B-state_code
O O O B-flight_time O O O O O O O B-fromloc.city_name O O
O O O B-city_name I-city_name
O O B-city_name
O O O O O O O O O O B-fromloc.city_name O O
O O O O O O O O O O O O B-toloc.city_name I-toloc.city_name
O O O O O B-city_name O
O O O O O B-city_name I-city_name
O O O O O B-fromloc.airport_name I-fromloc.airport_name I-fromloc.airport_name O O O O
O O O O O B-city_name I-city_name
O O O O O B-city_name O O O O O
O O O O O B-city_name
O O O O O O B-city_name
O O O O O O B-city_name
O O O O O O B-city_name
O O O O O O O O O O O B-city_name O O O O
O O O O O O B-airport_name I-airport_name I-airport_name
O O O O O B-city_name
O O O O O O O O O B-toloc.city_name
O O B-airport_name I-airport_name O O O O O O O
O O B-city_name
O O O O O O B-airport_name I-airport_name O O O O
O O O O O O B-city_name I-city_name
O O O O B-city_name
O O B-transport_type O O O B-airport_name I-airport_name
O O O O O O O B-city_name
O O O O O B-fromloc.airport_name I-fromloc.airport_name O O B-toloc.city_name
O O O B-transport_type B-or B-transport_type O O O O B-airport_name I-airport_name
O O O O O O B-fromloc.city_name I-fromloc.city_name O O O
O O O O O O O O O O O O O O O O B-fromloc.city_name O O B-toloc.city_name
O O O O O O B-city_name
O O O O O B-city_name
O O O O O B-city_name O B-day_name B-period_of_day
O O B-city_name
O O O O O O B-airport_name I-airport_name
O O O O O O O O O O O B-fromloc.city_name O O B-toloc.city_name
O O O O O O O B-airport_name I-airport_name
O O O O O O B-city_name B-today_relative
O O O O O O B-city_name
O B-transport_type O O O B-city_name
O O O O O B-airport_name I-airport_name
O O B-city_name O O
O O O O O O B-city_name
O O O O O O B-city_name
O O O O O O O B-toloc.city_name
O O O B-city_name
O O O O O O B-city_name O B-today_relative I-today_relative I-today_relative I-today_relative
O O O B-city_name
O O O O O B-transport_type I-transport_type O B-city_name
O O O B-transport_type O B-fromloc.city_name O B-depart_date.month_name B-depart_date.day_number
O O O B-city_name
O O O O O O B-city_name I-city_name I-city_name
O B-transport_type O O B-city_name
O O O O O O O O O B-airport_name I-airport_name I-airport_name I-airport_name
O O O O B-transport_type O B-fromloc.airport_name I-fromloc.airport_name I-fromloc.airport_name O B-fromloc.city_name
O O O O O O B-city_name I-city_name
O O O O B-city_name
O O O O O O B-city_name
O O O O O O B-city_name
O O O O O O B-city_name
O O O O O O O O B-city_name I-city_name
O B-city_name I-city_name
O O O B-city_name
O O O O O B-city_name O O B-city_name
O O O O O O B-city_name
O O O O O O O B-city_name
O B-city_name O O O O O O O O
O O O O O O O B-city_name I-city_name I-city_name O O O O
O O O O O B-city_name
O O O O O O B-city_name B-state_name
O O O O O O B-city_name
O O O O O O O B-city_name
O O O O O O B-city_name
O O O O O B-city_name B-state_code
O O B-city_name
O O O O O O O O B-city_name
O O O O O B-toloc.city_name O O O O
O O O O O O O O B-city_name
O O O B-city_name
B-transport_type O B-city_name
O O O O O O O O O O O B-city_name
O O O O O O O B-city_name I-city_name O B-day_name B-period_of_day
O O O O O O B-city_name
O O O O O O O O O O O B-fromloc.airport_name I-fromloc.airport_name O B-toloc.city_name O
O B-transport_type O O B-city_name I-city_name
O B-city_name I-city_name I-city_name O O O O O O O
B-transport_type I-transport_type O B-city_name
O O O O O O O B-fromloc.airport_name I-fromloc.airport_name I-fromloc.airport_name I-fromloc.airport_name O O B-toloc.city_name
O O O O O O O B-toloc.airport_name I-toloc.airport_name O O B-fromloc.city_name
O O O O O O O O B-airport_name I-airport_name
O O O O O O O O B-toloc.airport_name I-toloc.airport_name I-toloc.airport_name
O O O O O O B-city_name
O O O O O O O B-fromloc.airport_name I-fromloc.airport_name
O O O O O O O B-city_name
O O O O O O O O B-city_name
O O B-city_name
O O O O O O B-city_name
O O O O B-transport_type I-transport_type O B-city_name
O O O O O O O O O B-fromloc.city_name O O
O O O O O O O B-airport_name I-airport_name
B-city_name O O
O O O O O O O O O B-toloc.city_name
O O B-city_name
O O O O O O B-fromloc.city_name O O
O O O O O B-city_name
O O O O O O B-city_name I-city_name
O O O O O O B-city_name
O O B-transport_type O O B-airport_name I-airport_name
O O O O O O O O B-city_name
O O O O O O O O B-city_name B-state_code
O O O O O O B-city_name
O O O B-city_name
O O O O O B-city_name I-city_name
O O O O O O O O O B-city_name I-city_name
O O O O O O O B-airport_name I-airport_name I-airport_name I-airport_name
O O O O O O O O O O O O O O B-city_name I-city_name
O O O O O B-fromloc.city_name O O B-toloc.city_name
O O O O O O O O B-city_name O O O O O O O O B-period_of_day B-time_relative B-time I-time
O O O O O B-city_name
O O O O O O O B-fromloc.airport_name I-fromloc.airport_name O O O O O O O O
O O B-airport_code O B-toloc.city_name
O O O O O O B-city_name
O O O O O B-airport_name I-airport_name
O O O O O O B-fromloc.airport_name I-fromloc.airport_name I-fromloc.airport_name O O O
O O O O O O B-city_name B-state_code
B-transport_type I-transport_type O B-city_name
O O O O B-transport_type O B-city_name I-city_name O
O O O O O O B-fromloc.airport_name I-fromloc.airport_name O B-toloc.city_name
O O O O O O O O B-airport_name I-airport_name
O O O B-city_name I-city_name
O O O O O B-city_name
O O O O O O B-city_name I-city_name
O O O O O O O O O O O O O B-fromloc.city_name O O
O O O O O O O B-fromloc.city_name I-fromloc.city_name O O
O O O B-transport_type I-transport_type O O B-airport_name I-airport_name
O O O O O O O B-city_name
O O O O O O O B-city_name I-city_name
O O B-city_name
B-transport_type O B-city_name
O O O O O O B-fromloc.airport_name I-fromloc.airport_name O O B-toloc.city_name
O O O O O O B-city_name I-city_name I-city_name
O O O B-city_name I-city_name
O O O O O O O O O O B-fromloc.city_name
O O O O O O O O B-toloc.city_name
O O O O O O B-fromloc.airport_name I-fromloc.airport_name O B-toloc.city_name O
O O O B-city_name O B-city_name
O B-city_name I-city_name O O O O O B-transport_type
O O O O O O B-city_name
O O O O B-transport_type O B-city_name I-city_name
O O O B-transport_type I-transport_type O B-city_name
O B-city_name O O O O O B-transport_type
O O O O O O B-fromloc.airport_name I-fromloc.airport_name O B-toloc.city_name
O O O O O B-city_name
O O O O O O B-city_name I-city_name
O O O O O O B-city_name
O O O O O O O O B-toloc.city_name
O O O O O O O B-fromloc.airport_name I-fromloc.airport_name
O O O O O O O B-city_name O O B-period_of_day O B-day_name
O O O O O O O O B-airport_name I-airport_name
O O O B-transport_type I-transport_type O B-city_name
O O O O O O B-city_name
O O O O O O B-city_name I-city_name
O O O O O O B-day_name B-month_name B-day_number O B-day_name B-month_name B-day_number O B-city_name I-city_name
O O O O O O O O O B-fromloc.airport_name I-fromloc.airport_name O O B-toloc.city_name
O O O O O O B-fromloc.airport_name I-fromloc.airport_name O O B-toloc.city_name
O O O O O B-city_name
O O O O O O B-city_name
O O O O O O B-city_name
O O O O O O B-fromloc.airport_name I-fromloc.airport_name O O B-toloc.city_name
O O O O O O O O O O B-city_name
O O O O O O B-city_name I-city_name
O O O O O O B-city_name
O O O O O O O O B-city_name
O O O O O O O O O O B-city_name B-state_code O O
O O O O O O O O B-city_name
O O O O O O O B-city_name I-city_name I-city_name
O O O O O O B-city_name
O O O B-city_name O O O O O
O B-city_name O O O O O O O
O O O O O O O O O O O O B-toloc.city_name I-toloc.city_name I-toloc.city_name
O O B-city_name
O O O O O O B-city_name I-city_name
O O O O O O B-city_name
O O B-city_name O O
O O O O O O O O O O B-toloc.city_name
O O O B-city_name
O O O O O O O B-city_name
O O O O O O O O B-city_name
O O O O O B-city_name O O
O O O O O O B-city_name
O O O O O O B-city_name
O O O B-transport_type O O O O B-fromloc.airport_name I-fromloc.airport_name
O O O B-city_name
O O O O O O O B-airport_name I-airport_name
O O O O O O O O O O B-city_name
B-city_name O O
O O O O O O B-fromloc.airport_name I-fromloc.airport_name O O B-toloc.city_name
O O O O O O O B-city_name
O O O O O B-fromloc.airport_name I-fromloc.airport_name O O B-toloc.city_name
O O O B-transport_type I-transport_type O O B-airport_name I-airport_name O O O O O O
O O O O O O O O O O O B-city_name
O O O O B-transport_type I-transport_type O B-city_name
B-transport_type I-transport_type O B-city_name B-state_code
O O O O O B-city_name
O O O O O O O B-fromloc.airport_name I-fromloc.airport_name O O O
O O O O B-city_name
O O O O O O B-fromloc.airport_name I-fromloc.airport_name O O
O O O B-transport_type I-transport_type O O B-city_name
O O O O O O B-city_name
O O O O O O B-city_name
O O O O B-city_name
O O O O O O B-city_name O O O O O O O O O O O O O
O O O O O O O O B-fromloc.city_name O O
O O O O O B-city_name
O O O O O B-city_name I-city_name
O O O O O B-city_name O O B-fromloc.airport_name I-fromloc.airport_name O O B-toloc.city_name
O O O O O O B-city_name
O O O O O O O O O O B-fromloc.airport_name I-fromloc.airport_name O O B-toloc.city_name
O O B-city_name
O O O O O B-fromloc.city_name O B-toloc.city_name I-toloc.city_name
O B-transport_type I-transport_type O O B-depart_date.date_relative B-depart_date.day_name O B-fromloc.airport_name I-fromloc.airport_name
O O O O O B-city_name I-city_name
O O O O O B-city_name
O O O O O B-city_name
O O O O O O O B-city_name I-city_name B-state_name
O O O O O B-transport_type I-transport_type O O B-airport_name I-airport_name
O O B-city_name I-city_name
O O B-city_name
O O O O O O B-city_name
O O O O O B-city_name I-city_name I-city_name O O O O
O O O O O O O O B-city_name
O B-city_name O O O O O O O O O O O O
O O O O O O B-city_name
O O O O O O O B-city_name
O O O O O O B-city_name
O O O O O O O B-fromloc.airport_name I-fromloc.airport_name I-fromloc.airport_name I-fromloc.airport_name O O B-toloc.city_name
O O O O B-transport_type O B-fromloc.city_name I-fromloc.city_name O O O B-fromloc.city_name I-fromloc.city_name
O O O O O O O B-fromloc.airport_name I-fromloc.airport_name
O O O O O O O B-fromloc.airport_name I-fromloc.airport_name O O B-toloc.city_name
O O O O O B-city_name
O O O O O O O O O O B-city_name I-city_name
