O O O O B-city_name
O O O O O O O B-city_name
B-city_name O
O O O O B-airport_name I-airport_name I-airport_name
O O O O O B-airport_name I-airport_name
O B-airport_name I-airport_name
O
O O O O O O O O B-city_name
O O B-city_name I-city_name
O O B-airport_name I-airport_name O O O
O O O O O O O O B-city_name
O O O O B-city_name
O O O O O O B-city_name
O O B-city_name I-city_name
O O O O B-city_name B-state_code
O O O O O B-fromloc.city_name O B-toloc.city_name B-flight_stop
O O O
O O O B-fromloc.city_name I-fromloc.city_name O B-mod O O
B-city_name O
O O O O B-city_name B-state_code
