O O O O O O O O O O B-fromloc.city_name O B-toloc.city_name
O O O O O O O B-airline_name I-airline_name
O O O O O B-airline_name O
O O B-depart_time.time I-depart_time.time O O B-fromloc.city_name I-fromloc.city_name O B-toloc.city_name O O O O O O
O O O O O O B-fromloc.city_name O B-toloc.city_name I-toloc.city_name
O O O O O B-fromloc.city_name O B-toloc.city_name
O O O O O B-fromloc.city_name O B-toloc.city_name
O O B-mod O O O O B-fromloc.city_name O B-toloc.city_name O B-depart_time.time O
O O B-fromloc.city_name O B-toloc.city_name I-toloc.city_name B-depart_time.time_relative B-depart_time.time I-depart_time.time O O O O O O
O O O O O O B-fromloc.city_name O B-toloc.city_name
O O O O O O B-airline_code B-flight_number O B-fromloc.city_name O B-toloc.city_name
O O O O O O B-aircraft_code
O O O O O O O B-airline_code O
O O O O O B-airline_name O O B-fromloc.city_name O B-toloc.city_name B-depart_time.time_relative B-depart_time.time I-depart_time.time
O O O O O B-depart_time.time_relative B-depart_time.time I-depart_time.time O B-fromloc.city_name O B-toloc.city_name
O O O O O O O O O O O B-fromloc.city_name O B-toloc.city_name
O O O O O O O O O O B-fromloc.city_name O B-toloc.city_name I-toloc.city_name I-toloc.city_name B-depart_time.time_relative B-depart_time.time
O O O O O B-airline_name I-airline_name O
O O O O O O O O B-class_type I-class_type B-airline_name I-airline_name O O B-fromloc.city_name O B-toloc.city_name I-toloc.city_name O O B-stoploc.city_name
O O O O O B-airline_name O B-depart_time.time_relative B-depart_time.time I-depart_time.time O B-depart_date.month_name B-depart_date.day_number O B-fromloc.city_name O B-toloc.city_name
O O O O O O B-fromloc.city_name O B-toloc.city_name I-toloc.city_name B-depart_date.day_name O O B-stoploc.city_name O O B-depart_time.period_of_day B-class_type I-class_type O
O O O O O O O B-airline_name I-airline_name O B-flight_number
O O O O O O O O O B-fromloc.city_name O O O B-toloc.city_name
O O O O O B-airline_name I-airline_name O
O O O O O O O B-airline_name O B-flight_number
O O O O O B-airline_name O B-flight_number O B-fromloc.city_name I-fromloc.city_name O B-toloc.city_name I-toloc.city_name I-toloc.city_name
O O O O O O B-fromloc.city_name O B-toloc.city_name B-depart_time.time_relative B-depart_time.time
O O O O O O B-fromloc.city_name O B-toloc.city_name B-depart_time.time_relative B-depart_time.time
O O O B-airline_name O
O O O O O O B-fromloc.city_name O B-toloc.city_name B-toloc.state_code O B-depart_time.time I-depart_time.time
O O O O O B-airline_code
O O O O O O O O O O O O B-fromloc.city_name O B-toloc.city_name B-depart_time.time_relative B-depart_time.time I-depart_time.time I-depart_time.time
O O O O O O O B-airline_name I-airline_name
O O O O B-fromloc.city_name O O O O O O B-toloc.city_name I-toloc.city_name O O O O O B-class_type I-class_type B-airline_name O O O O O O B-stoploc.city_name O O O O O O O O O O O O O
O O O O O B-airline_name O O B-fromloc.city_name O B-toloc.city_name B-depart_time.time_relative B-depart_time.time I-depart_time.time
O O O O O O O O O O O B-airline_name I-airline_name O O B-fromloc.city_name O B-toloc.city_name I-toloc.city_name B-depart_time.time_relative B-depart_time.time I-depart_time.time O O B-depart_time.period_of_day
O O O O O B-airline_name O B-depart_time.time_relative B-depart_time.time I-depart_time.time O B-depart_date.month_name B-depart_date.day_number O B-fromloc.city_name O B-toloc.city_name
O O O O O O O B-toloc.city_name I-toloc.city_name B-arrive_time.time_relative B-arrive_time.time I-arrive_time.time I-arrive_time.time O B-arrive_date.day_name O O O B-fromloc.city_name
O O O O O O O O O O O O O O O B-fromloc.city_name O B-toloc.city_name O
O B-airline_name O O B-aircraft_code
O O O O O O O O B-class_type I-class_type B-airline_name I-airline_name O O B-fromloc.city_name O B-toloc.city_name I-toloc.city_name O O B-fromloc.city_name O
O O O O O O B-fromloc.city_name O B-toloc.city_name B-toloc.state_code O B-depart_time.time I-depart_time.time O O B-flight_mod
O O O O O O O O O O B-depart_date.month_name B-depart_date.day_number O O B-fromloc.city_name O O O B-toloc.city_name O B-arrive_date.month_name B-arrive_date.day_number
O O O O O O B-fromloc.city_name O B-toloc.city_name B-toloc.state_code B-depart_time.time_relative B-depart_time.time I-depart_time.time
O B-class_type I-class_type O O O B-fromloc.city_name O B-toloc.city_name I-toloc.city_name O O O B-stoploc.city_name O O B-depart_time.period_of_day O B-depart_date.day_name
O O O B-mod O O O O
O O O O O O O B-airline_code O
O O O O O O O O O O O O B-fromloc.city_name O O B-toloc.city_name O B-depart_date.day_name O O
O B-fromloc.city_name O O B-toloc.city_name I-toloc.city_name B-depart_time.time_relative B-depart_time.time I-depart_time.time O O O O O O
O O O O O O B-fromloc.city_name O B-toloc.city_name I-toloc.city_name B-depart_time.time_relative B-depart_time.time
O O O O O O O O O O B-fromloc.city_name O B-toloc.city_name B-depart_time.time_relative B-depart_time.time I-depart_time.time I-depart_time.time
O O O O O B-fromloc.city_name O B-toloc.city_name
O O O O O O O B-fromloc.city_name O B-toloc.city_name
O O O B-fromloc.city_name O B-toloc.city_name O O O O O O B-depart_time.time_relative B-depart_time.time I-depart_time.time O O O O O O O O O O O
O O O O O O O B-mod O O
O O O O O O O O O O O O O O B-depart_time.period_of_day O B-depart_date.month_name B-depart_date.day_number O B-fromloc.city_name O B-toloc.city_name
O O O O O O B-aircraft_code
O O O B-mod O O O O O O B-fromloc.city_name O B-toloc.city_name
O O O O O O B-airline_code B-flight_number O B-fromloc.city_name O B-toloc.city_name
O O O O O O O O B-fromloc.city_name O B-toloc.city_name B-depart_time.time_relative B-depart_time.time I-depart_time.time
O O O O O O O B-airline_name I-airline_name O O B-fromloc.city_name O B-toloc.city_name
O O O O O O O B-fromloc.city_name O B-toloc.city_name I-toloc.city_name
O O O B-mod O O O O B-fromloc.city_name O B-toloc.city_name O O B-arrive_date.month_name B-arrive_date.day_number
O O O O O O O O O B-fromloc.city_name O B-toloc.city_name I-toloc.city_name O B-depart_date.month_name B-depart_date.day_number I-depart_date.day_number
O O O O O O O O O B-fromloc.city_name O B-toloc.city_name B-depart_time.time_relative B-depart_time.time I-depart_time.time I-depart_time.time
O O O O O O O O B-class_type I-class_type O O B-fromloc.city_name O B-toloc.city_name
O O O O O B-fromloc.city_name O B-toloc.city_name I-toloc.city_name O B-airline_name I-airline_name O O B-depart_time.time_relative B-depart_time.time I-depart_time.time O O O O O O O O O O O O O O O
O O O O O O O O O O B-airline_name I-airline_name O O O O O O B-fromloc.city_name O B-toloc.city_name I-toloc.city_name O O O O O O O O O O O O O O O B-depart_time.time_relative B-depart_time.time O O B-depart_time.period_of_day
O O O B-mod O O O O B-fromloc.city_name O B-toloc.city_name O B-arrive_date.month_name B-arrive_date.day_number
O O O O O O O O B-flight_mod O O B-fromloc.city_name O B-toloc.city_name I-toloc.city_name B-depart_time.period_of_day
O O O O O O B-fromloc.city_name O B-toloc.city_name I-toloc.city_name
O O O O O O O O B-flight_mod O O B-fromloc.city_name O B-toloc.city_name O O B-depart_time.period_of_day
O O B-mod O O O B-fromloc.city_name O B-toloc.city_name O B-depart_date.month_name B-depart_date.day_number
O O O O O O O O O B-airline_name O B-flight_number O B-fromloc.city_name I-fromloc.city_name O B-toloc.city_name I-toloc.city_name I-toloc.city_name
O O O O O O O O O O O O O B-class_type I-class_type B-airline_name I-airline_name O O B-fromloc.city_name O B-toloc.city_name
O O O B-airline_code B-flight_number
O O O O O O O B-airline_name I-airline_name O
O O O O O O O
O O O O O O O B-fromloc.city_name O B-toloc.city_name I-toloc.city_name O B-depart_date.day_name
O O O O B-mod O O
O O O O O O O O O O O O B-fromloc.city_name O B-toloc.city_name O B-airline_name O B-flight_number O O B-depart_time.time
O O O O O O O O O B-fromloc.city_name O B-toloc.city_name O O B-depart_time.time_relative B-depart_time.time
