B-cost_relative O O B-fromloc.city_name O B-toloc.city_name
B-round_trip I-round_trip O O B-fromloc.city_name O B-toloc.city_name B-cost_relative B-fare_amount I-fare_amount
O O O B-class_type I-class_type O O B-fromloc.city_name O B-toloc.city_name
O O O O O O O O O O B-fromloc.city_name O B-toloc.city_name O B-toloc.city_name
O O O B-cost_relative B-round_trip I-round_trip O O B-fromloc.city_name O B-toloc.city_name
O O O O B-fromloc.city_name O B-toloc.city_name
O O O O O O B-round_trip I-round_trip O O B-fromloc.city_name O B-toloc.city_name O O B-depart_date.month_name B-depart_date.day_number I-depart_date.day_number O O O B-return_date.month_name B-return_date.day_number
O O O O O B-fromloc.city_name O B-toloc.city_name I-toloc.city_name
O O O O B-depart_time.period_of_day O O B-fromloc.city_name O B-toloc.city_name I-toloc.city_name
O O O O B-economy I-economy B-round_trip I-round_trip O O O O B-fromloc.city_name O B-toloc.city_name O B-depart_date.month_name B-depart_date.day_number
O O O B-class_type O O B-fromloc.city_name O B-toloc.city_name B-depart_date.day_name B-depart_time.period_of_day
O O O B-class_type I-class_type O O B-airline_name O B-flight_number O B-fromloc.city_name O B-toloc.city_name
B-round_trip I-round_trip O B-fromloc.city_name I-fromloc.city_name O B-toloc.city_name I-toloc.city_name
O O O O O O B-class_type I-class_type O O B-fromloc.city_name O B-toloc.city_name
O O O B-economy B-class_type O O B-fromloc.city_name O B-toloc.city_name
O O O O O O O O O O B-toloc.airport_name I-toloc.airport_name
O O O O O B-fromloc.city_name I-fromloc.city_name O B-toloc.city_name I-toloc.city_name I-toloc.city_name O B-airline_name O B-flight_number
O O O O B-airline_name I-airline_name O O B-fromloc.city_name O B-toloc.city_name
O O O O B-fromloc.city_name O B-toloc.city_name
O O O O B-round_trip I-round_trip O O B-fromloc.city_name O B-toloc.city_name
O O O O O B-fromloc.city_name O B-toloc.city_name I-toloc.city_name
O O O B-class_type I-class_type O O B-fromloc.city_name I-fromloc.city_name I-fromloc.city_name O B-toloc.city_name I-toloc.city_name
O O O O O O O B-round_trip I-round_trip O B-fromloc.city_name O B-toloc.city_name
O B-round_trip I-round_trip O O O O B-fromloc.city_name O B-toloc.city_name O B-airline_name I-airline_name O O B-arrive_time.time_relative B-arrive_time.time I-arrive_time.time
O O O O O O B-fromloc.city_name O B-toloc.city_name
O O O O O O B-fromloc.city_name O B-toloc.city_name B-round_trip I-round_trip O B-depart_date.month_name B-depart_date.day_number
O O O O B-fromloc.city_name O B-toloc.city_name
O O O B-round_trip I-round_trip O O O O B-fromloc.city_name O B-toloc.city_name O B-arrive_time.time_relative B-arrive_time.time O B-airline_name
O O O O B-cost_relative I-cost_relative O O O B-depart_date.day_name O B-toloc.city_name O B-fromloc.city_name I-fromloc.city_name
B-class_type I-class_type B-round_trip I-round_trip O O B-fromloc.city_name O B-toloc.city_name
O O O O O B-fromloc.city_name O B-toloc.city_name B-depart_date.day_name O B-depart_date.day_name
O O O B-round_trip I-round_trip O O B-fromloc.city_name O B-toloc.city_name
O O O B-cost_relative B-round_trip I-round_trip O O B-fromloc.city_name O B-toloc.city_name
O O O O B-round_trip I-round_trip O O B-fromloc.city_name O B-toloc.city_name
O O O B-airline_code B-flight_number O
O O B-cost_relative B-round_trip I-round_trip O O B-fromloc.city_name O B-toloc.city_name
B-economy O B-fromloc.city_name I-fromloc.city_name O B-toloc.city_name B-round_trip I-round_trip
O O O B-cost_relative O O O O O B-fromloc.city_name O B-toloc.city_name
O O O O O O B-cost_relative B-round_trip I-round_trip O O B-fromloc.city_name O B-toloc.city_name
O O B-cost_relative B-round_trip I-round_trip O O B-fromloc.city_name O B-toloc.city_name
O O O B-round_trip I-round_trip O O B-fromloc.city_name O B-toloc.city_name
O O B-cost_relative B-round_trip I-round_trip O O B-fromloc.city_name O B-toloc.city_name
O O O O B-airline_name I-airline_name O B-flight_number O B-fromloc.city_name O B-toloc.city_name I-toloc.city_name O
O O O O O B-cost_relative O O B-fromloc.city_name O B-toloc.city_name O B-depart_date.day_number I-depart_date.day_number O B-depart_date.month_name
O O O O O O B-airline_code B-flight_number O B-fromloc.city_name O B-toloc.city_name
O O O B-cost_relative B-round_trip I-round_trip O O B-fromloc.city_name O B-toloc.city_name I-toloc.city_name
O O O O O B-fromloc.city_name O B-toloc.city_name O B-airline_name I-airline_name
O O B-round_trip I-round_trip O O B-fromloc.city_name O B-toloc.city_name
O O B-round_trip I-round_trip O O B-fromloc.city_name I-fromloc.city_name O B-toloc.city_name I-toloc.city_name I-toloc.city_name
O O B-airline_name I-airline_name O O B-depart_date.date_relative B-depart_date.day_name O B-fromloc.city_name O B-toloc.city_name
O O B-round_trip I-round_trip O O B-fromloc.city_name I-fromloc.city_name O B-toloc.city_name O
O O O B-class_type O O B-fromloc.city_name O B-toloc.city_name O B-airline_name
O O O O O O B-fromloc.city_name O B-toloc.city_name O B-depart_date.month_name B-depart_date.day_number
O O O O O O B-airline_code B-flight_number O B-fromloc.city_name O B-toloc.city_name
O O B-cost_relative B-round_trip I-round_trip O O B-fromloc.city_name O B-toloc.city_name I-toloc.city_name
O O O B-round_trip I-round_trip O O B-fromloc.city_name O B-toloc.city_name
O O O O O B-airline_name I-airline_name O B-flight_number O B-fromloc.city_name I-fromloc.city_name O B-toloc.city_name I-toloc.city_name
O O O B-class_type O O B-fromloc.city_name O B-toloc.city_name
O O O O O O B-round_trip I-round_trip O O B-fromloc.city_name O B-toloc.city_name
O O O O B-fromloc.city_name O B-toloc.city_name
O O O B-cost_relative I-cost_relative O O B-fromloc.city_name O B-toloc.city_name I-toloc.city_name O O B-airline_name B-flight_number O B-airline_name B-flight_number
O O O O O B-fromloc.city_name O B-toloc.city_name
O O O B-cost_relative B-round_trip I-round_trip O O B-fromloc.city_name O B-toloc.city_name
O O O O O O O O B-fromloc.city_name O B-toloc.city_name
O O O O O B-cost_relative B-round_trip I-round_trip O O B-fromloc.city_name O B-toloc.city_name
O O O O B-fromloc.city_name O B-toloc.city_name I-toloc.city_name O B-depart_date.day_name B-depart_time.period_of_day
O O O O O B-cost_relative O O B-fromloc.city_name O B-toloc.city_name I-toloc.city_name
O O O B-class_type I-class_type O B-class_type O O O O B-fromloc.city_name O B-toloc.city_name I-toloc.city_name O B-arrive_time.time_relative B-arrive_time.time I-arrive_time.time B-arrive_date.date_relative B-arrive_date.day_name
O O O B-cost_relative B-round_trip I-round_trip O O O O O B-fromloc.city_name O B-toloc.city_name
O O O O O O O B-fromloc.city_name O B-toloc.city_name O B-airline_name I-airline_name
O O O O O O B-fromloc.city_name O B-toloc.city_name
O O O B-cost_relative B-round_trip I-round_trip O O B-fromloc.city_name O B-toloc.city_name
O O O O O B-fromloc.city_name O B-toloc.city_name I-toloc.city_name
O O O B-cost_relative I-cost_relative B-class_type I-class_type O O B-fromloc.city_name O B-toloc.city_name I-toloc.city_name
O O O O O O B-round_trip I-round_trip O B-fromloc.city_name O B-toloc.city_name I-toloc.city_name
O O O O O O B-class_type I-class_type O O B-fromloc.city_name O B-toloc.city_name I-toloc.city_name B-round_trip I-round_trip
O O O O O O O B-fromloc.city_name O B-toloc.city_name B-depart_date.today_relative
O O B-cost_relative B-round_trip I-round_trip O O B-fromloc.city_name O B-toloc.city_name
B-round_trip I-round_trip O O B-fromloc.city_name O B-toloc.city_name B-cost_relative O B-fare_amount I-fare_amount
O O O O O O O B-fromloc.city_name O B-toloc.city_name O B-depart_date.day_name B-depart_time.period_of_day
O O O O B-class_type I-class_type O O B-fromloc.city_name O B-toloc.city_name I-toloc.city_name
O O O O O O B-round_trip I-round_trip O O B-fromloc.city_name O B-toloc.city_name
O O O O O O O O O B-fromloc.city_name O B-toloc.city_name B-depart_date.month_name B-depart_date.day_number I-depart_date.day_number B-depart_date.year
O O O O O B-class_type I-class_type O B-fromloc.city_name O B-toloc.city_name I-toloc.city_name O B-airline_code
O O O B-cost_relative O O B-fromloc.city_name O B-toloc.city_name
B-cost_relative O O B-fromloc.city_name O B-toloc.city_name
O O O O O B-fromloc.city_name
O O O B-class_type I-class_type O O O B-round_trip I-round_trip B-fromloc.city_name O B-toloc.city_name
B-round_trip I-round_trip O O B-fromloc.city_name O B-toloc.city_name B-cost_relative B-fare_amount I-fare_amount
O O O B-cost_relative O O B-fromloc.city_name O B-toloc.city_name I-toloc.city_name O B-depart_date.day_name B-depart_date.month_name B-depart_date.day_number
O O O O O B-fromloc.city_name O B-toloc.city_name O O O O B-stoploc.city_name O O O
O O O O O B-round_trip I-round_trip O B-depart_date.month_name B-depart_date.day_number O B-fromloc.city_name O B-toloc.city_name
O O O B-cost_relative I-cost_relative B-round_trip I-round_trip O O B-fromloc.city_name O B-toloc.city_name
O O B-cost_relative O O B-fromloc.city_name I-fromloc.city_name O B-toloc.city_name
O O O B-cost_relative B-round_trip I-round_trip O O B-fromloc.city_name O B-toloc.city_name
O O O O O O O O B-fromloc.city_name O B-toloc.city_name O B-depart_date.month_name O B-depart_date.day_number
O O O O O B-round_trip I-round_trip O B-class_type I-class_type O B-fromloc.city_name O B-toloc.city_name
O O O O O B-airline_name I-airline_name O B-flight_number O B-fromloc.city_name I-fromloc.city_name I-fromloc.city_name O B-toloc.city_name
O O O O B-round_trip I-round_trip B-class_type I-class_type O O B-fromloc.city_name O B-toloc.city_name
B-round_trip I-round_trip O O O B-fromloc.city_name O B-toloc.city_name B-cost_relative O B-fare_amount I-fare_amount
O O O O O O O O O B-fromloc.airport_name I-fromloc.airport_name O O
O O O B-round_trip I-round_trip O O B-fromloc.city_name I-fromloc.city_name O B-toloc.city_name B-flight_stop
O O O B-cost_relative B-round_trip I-round_trip O O B-fromloc.city_name O B-toloc.city_name
O O O O O O B-class_type I-class_type O O O O O B-fromloc.city_name O B-toloc.city_name
O O O B-cost_relative O O B-fromloc.city_name O B-toloc.city_name I-toloc.city_name
O O O B-cost_relative O O B-fromloc.city_name O B-toloc.city_name
O O O B-round_trip I-round_trip O O B-airline_name B-flight_number O B-fromloc.city_name O B-toloc.city_name I-toloc.city_name O B-round_trip
O O O O O O O B-airline_name I-airline_name B-flight_number O B-fromloc.city_name O B-toloc.city_name O B-depart_date.month_name B-depart_date.day_number
O O B-cost_relative B-round_trip I-round_trip O O B-fromloc.city_name O B-toloc.city_name
O O O O O O B-economy O O B-fromloc.city_name O B-toloc.city_name
B-round_trip I-round_trip O O O B-fromloc.city_name O B-toloc.city_name B-cost_relative O B-fare_amount I-fare_amount
O O O O O B-fromloc.city_name O B-toloc.city_name I-toloc.city_name O O B-cost_relative O B-fare_amount I-fare_amount B-round_trip I-round_trip
O O O O O B-depart_date.day_name O B-fromloc.city_name O B-toloc.city_name
O O B-cost_relative B-round_trip I-round_trip O O B-fromloc.city_name O B-toloc.city_name
B-class_type I-class_type B-round_trip I-round_trip O O B-fromloc.city_name O B-toloc.city_name
O O O O B-airline_code B-flight_number O B-fromloc.city_name O B-toloc.city_name I-toloc.city_name O
O O O O O O O B-fromloc.city_name O B-toloc.airport_code O O B-airline_name I-airline_name
O O O O O O B-class_type I-class_type O O B-fromloc.city_name O B-toloc.city_name
O O O O O B-fromloc.city_name O B-toloc.city_name I-toloc.city_name
O O O O O O B-fromloc.city_name O B-toloc.city_name O B-depart_date.month_name B-depart_date.day_number I-depart_date.day_number
O O O O O O O O B-airline_name O B-fromloc.city_name O B-toloc.city_name
O O O B-cost_relative B-round_trip I-round_trip O O B-fromloc.city_name O B-toloc.city_name
B-airline_code B-flight_number B-fromloc.city_name O B-toloc.city_name O O O O
O O O O O B-fromloc.city_name O B-toloc.city_name I-toloc.city_name
O O B-round_trip I-round_trip O O B-fromloc.city_name I-fromloc.city_name O B-toloc.city_name
O O O B-cost_relative O B-round_trip I-round_trip O B-fromloc.city_name O B-toloc.city_name
O O O B-cost_relative B-class_type O O B-fromloc.city_name O B-toloc.city_name B-round_trip I-round_trip
O O O O O O B-cost_relative B-round_trip I-round_trip O O B-fromloc.city_name O B-toloc.city_name
O O O O O B-depart_date.month_name B-depart_date.day_number O B-round_trip I-round_trip O B-fromloc.city_name O B-toloc.city_name
O O O O B-fromloc.city_name O B-toloc.city_name
O O O O B-class_type I-class_type O O O B-fromloc.city_name O B-toloc.city_name I-toloc.city_name B-round_trip I-round_trip
O O O O O O O B-airline_code B-flight_number O B-fromloc.city_name O B-toloc.city_name O O B-airline_code B-flight_number O B-fromloc.city_name O B-toloc.city_name
O O B-class_type I-class_type O B-round_trip I-round_trip O B-fromloc.city_name O B-toloc.city_name
O O O B-class_type I-class_type O O B-fromloc.city_name O B-toloc.city_name O B-depart_date.day_name
O O O B-cost_relative O O B-fromloc.city_name O B-toloc.city_name O B-depart_date.month_name B-depart_date.day_number O
O O O B-cost_relative O O B-fromloc.city_name O B-toloc.city_name
O O O B-cost_relative I-cost_relative B-class_type I-class_type O O B-fromloc.city_name O B-toloc.city_name
B-class_type O B-flight_mod I-flight_mod O B-fromloc.city_name O B-toloc.city_name
O O O O B-cost_relative O O B-fromloc.city_name I-fromloc.city_name O B-toloc.city_name O O B-depart_date.day_name
O O O B-cost_relative O O B-fromloc.city_name O B-toloc.city_name O O O
O O O O O O O B-cost_relative O O B-fromloc.city_name O B-toloc.city_name
O O O O O B-airline_name O O B-fromloc.city_name O B-toloc.city_name I-toloc.city_name
O O O O O O O B-flight_stop O B-fromloc.city_name O B-toloc.city_name I-toloc.city_name O B-airline_name I-airline_name
O O O O O O O O O B-fromloc.city_name O B-toloc.city_name I-toloc.city_name O O B-aircraft_code O B-depart_date.month_name B-depart_date.day_number I-depart_date.day_number
O O O O O O B-economy O O B-fromloc.city_name O B-toloc.city_name
O O O O B-airline_name O B-flight_number O B-fromloc.city_name O B-toloc.city_name I-toloc.city_name
O O O B-cost_relative I-cost_relative O O B-fromloc.city_name O B-toloc.city_name
O O O B-class_type I-class_type O O B-fromloc.city_name O B-toloc.city_name
O O O O O O B-round_trip I-round_trip O O O B-fromloc.city_name O B-toloc.city_name B-fromloc.city_name O B-toloc.city_name O B-depart_date.month_name B-depart_date.day_number
O O B-round_trip I-round_trip O O B-fromloc.city_name I-fromloc.city_name O B-toloc.city_name B-toloc.state_code
O O O B-cost_relative I-cost_relative O O B-fromloc.city_name O B-toloc.city_name I-toloc.city_name O O B-depart_date.month_name B-depart_date.day_number
O O O B-cost_relative O B-airline_name O O B-fromloc.city_name O B-toloc.city_name I-toloc.city_name
O O O B-cost_relative B-round_trip I-round_trip O O B-fromloc.city_name I-fromloc.city_name O B-toloc.city_name I-toloc.city_name I-toloc.city_name
O O O B-class_type O O O O B-fromloc.city_name O B-toloc.city_name B-depart_date.day_name B-depart_time.period_of_day
O O O O O O O O O B-fromloc.city_name O B-toloc.city_name
O O O B-cost_relative O O B-fromloc.city_name O B-toloc.city_name I-toloc.city_name
O O O B-cost_relative I-cost_relative B-class_type I-class_type B-round_trip I-round_trip O O B-airline_name I-airline_name O B-fromloc.city_name O B-toloc.city_name
O O O B-cost_relative I-cost_relative O O B-fromloc.city_name O B-toloc.city_name
O O B-cost_relative B-round_trip I-round_trip O O B-fromloc.city_name O B-toloc.city_name I-toloc.city_name
O O B-cost_relative B-round_trip I-round_trip O O B-fromloc.city_name O B-toloc.city_name
O O O O O B-round_trip I-round_trip O O B-fromloc.city_name O B-toloc.city_name
B-round_trip I-round_trip O O B-fromloc.city_name O B-toloc.city_name B-cost_relative B-fare_amount I-fare_amount
B-airline_code B-flight_number B-fromloc.city_name O B-toloc.city_name O O O O
O O O B-cost_relative O O O O O O B-fromloc.city_name O B-toloc.city_name I-toloc.city_name
O O O O O B-fromloc.city_name O B-toloc.city_name B-class_type I-class_type B-round_trip I-round_trip
O O O O O B-airline_name B-flight_number O B-fromloc.city_name O B-toloc.city_name I-toloc.city_name
O O O B-cost_relative B-round_trip I-round_trip O O B-fromloc.city_name O B-toloc.city_name
O O O B-cost_relative O O O B-round_trip I-round_trip O O B-fromloc.city_name O B-toloc.city_name
O O O B-cost_relative O O B-fromloc.city_name O B-toloc.city_name O B-airline_name
O O O B-round_trip I-round_trip B-class_type O O B-fromloc.city_name O B-toloc.city_name
O O O B-class_type I-class_type O O B-airline_name I-airline_name O B-fromloc.city_name O B-toloc.city_name O O B-depart_date.month_name B-depart_date.day_number
O O O O O B-fromloc.city_name I-fromloc.city_name O B-toloc.city_name O B-depart_date.day_name B-depart_time.period_of_day
O O O O O B-cost_relative I-cost_relative O B-round_trip I-round_trip O B-fromloc.city_name O B-toloc.city_name
O O O O O B-cost_relative I-cost_relative B-round_trip I-round_trip O O B-fromloc.city_name O B-toloc.city_name
B-round_trip I-round_trip O O B-fromloc.city_name O B-toloc.city_name B-cost_relative O B-fare_amount I-fare_amount B-round_trip I-round_trip O O B-fromloc.city_name O B-toloc.city_name B-cost_relative O B-fare_amount I-fare_amount B-round_trip I-round_trip O O B-fromloc.city_name O B-toloc.city_name B-cost_relative O B-fare_amount I-fare_amount
O O O O
O O O O O B-class_type I-class_type O O B-fromloc.city_name O B-toloc.city_name I-toloc.city_name
B-cost_relative O O B-fromloc.city_name O B-toloc.city_name
O O O O B-depart_time.time I-depart_time.time O O B-fromloc.city_name I-fromloc.city_name O B-toloc.city_name I-toloc.city_name B-airline_code
O O O O O O O O B-fromloc.airport_name I-fromloc.airport_name O B-toloc.city_name O
B-round_trip I-round_trip O O B-fromloc.city_name O B-toloc.city_name B-cost_relative B-fare_amount I-fare_amount
B-cost_relative O O B-fromloc.city_name I-fromloc.city_name O B-toloc.city_name I-toloc.city_name
O O O O B-fromloc.city_name O B-toloc.city_name B-class_type I-class_type O O O O O O O O O B-class_type I-class_type O
O O O O O O B-round_trip I-round_trip O O B-fromloc.city_name O B-toloc.city_name
O O O O O O B-cost_relative O O B-fromloc.city_name O B-toloc.city_name
O O O B-round_trip I-round_trip B-class_type O O B-airline_name I-airline_name O B-fromloc.city_name O B-toloc.city_name I-toloc.city_name
O O O O O O O B-fromloc.city_name O B-toloc.city_name
O O O B-cost_relative I-cost_relative B-round_trip I-round_trip B-class_type I-class_type O O B-fromloc.city_name O B-toloc.city_name
O O O O O O O B-fromloc.city_name B-fromloc.state_name O B-toloc.city_name B-toloc.state_name O O O O B-stoploc.city_name
O O O B-cost_relative O O B-fromloc.city_name O B-toloc.city_name I-toloc.city_name O O O B-depart_date.day_name
O O O O B-cost_relative B-round_trip I-round_trip O O B-fromloc.city_name O B-toloc.city_name I-toloc.city_name
O O O O O O O B-airline_name I-airline_name O B-fromloc.city_name O B-toloc.city_name
O O O B-cost_relative I-cost_relative O O B-round_trip I-round_trip O O B-fromloc.city_name O B-toloc.city_name
O O O B-cost_relative I-cost_relative B-round_trip I-round_trip O O B-fromloc.city_name O B-toloc.city_name O O B-depart_date.month_name B-depart_date.day_number
O O O O O O O B-class_type I-class_type O O B-fromloc.city_name O B-toloc.city_name I-toloc.city_name
B-class_type I-class_type O O B-fromloc.city_name O B-toloc.city_name O
O O O O O B-economy O B-fromloc.city_name O B-toloc.city_name
O O O O O O B-fromloc.city_name O B-toloc.city_name B-round_trip I-round_trip O B-depart_date.month_name B-depart_date.day_number
O O O B-cost_relative O O O O B-fromloc.city_name O B-toloc.city_name
O O O O O O O O B-fromloc.city_name O B-toloc.city_name O O O O B-class_type I-class_type O B-cost_relative O O
O O O O O O O O B-airline_name O B-fromloc.city_name O B-toloc.city_name
O O O B-round_trip I-round_trip O O B-fromloc.city_name I-fromloc.city_name O B-toloc.city_name B-toloc.state_name
O O O O B-round_trip I-round_trip O O B-fromloc.city_name O B-toloc.city_name
O O O O O O O O B-fromloc.city_name O B-toloc.airport_name I-toloc.airport_name B-depart_date.date_relative B-depart_date.day_name
O O O O B-round_trip I-round_trip O O B-toloc.city_name
O O O O O O O O O B-fromloc.city_name O B-toloc.city_name O B-class_type I-class_type O O B-airline_name I-airline_name
O O O O O O O O O O B-cost_relative B-round_trip I-round_trip O O B-fromloc.city_name O B-toloc.city_name
O O O O B-class_type I-class_type B-round_trip I-round_trip O O B-fromloc.city_name O B-toloc.city_name O B-airline_name I-airline_name O
B-cost_relative O O B-fromloc.city_name O B-toloc.city_name
O O O O O O B-class_type I-class_type O O O B-fromloc.city_name O B-toloc.city_name O B-depart_date.month_name B-depart_date.day_number
O O B-round_trip I-round_trip O O B-fromloc.city_name O B-toloc.city_name
O O O B-cost_relative B-round_trip I-round_trip O O B-fromloc.city_name I-fromloc.city_name O B-toloc.city_name
B-cost_relative O O B-fromloc.city_name O B-toloc.city_name
O O B-round_trip I-round_trip O O B-fromloc.city_name O B-toloc.city_name
O O O O B-airline_name I-airline_name O O B-fromloc.city_name O B-toloc.city_name
O O O B-cost_relative B-round_trip I-round_trip O O B-fromloc.city_name O B-toloc.city_name O O B-depart_date.day_name B-depart_date.month_name B-depart_date.day_number
O O O B-cost_relative B-class_type I-class_type O O B-fromloc.city_name O B-toloc.city_name O B-airline_name I-airline_name O B-depart_date.month_name B-depart_date.day_number I-depart_date.day_number
O O O B-cost_relative O O B-fromloc.city_name O B-toloc.city_name I-toloc.city_name
O O O O O O O O B-meal O B-fromloc.city_name O B-toloc.city_name B-depart_time.time_relative B-depart_time.time O B-depart_date.day_name
O O O B-cost_relative O O B-fromloc.city_name O B-toloc.city_name
O O O B-class_type B-economy O O O B-fromloc.city_name O B-toloc.city_name I-toloc.city_name
O O O O O O B-flight_mod O O B-fromloc.city_name O B-toloc.city_name O B-depart_date.day_name B-depart_time.period_of_day
O O O O B-airline_code B-flight_number O B-fromloc.city_name O B-toloc.city_name O
O O O O B-round_trip I-round_trip O O B-fromloc.city_name O B-toloc.city_name
B-round_trip I-round_trip O O B-fromloc.city_name O B-toloc.city_name B-cost_relative B-fare_amount I-fare_amount
O O O O O O O O B-fromloc.city_name O B-toloc.city_name B-toloc.state_code
O O O O B-fromloc.city_name O B-toloc.city_name
O O O O O B-flight_time O O O B-fromloc.city_name I-fromloc.city_name O B-toloc.city_name
O O O O B-fromloc.city_name O B-toloc.city_name
O O O B-economy O O B-fromloc.city_name O B-toloc.city_name
O O O O O O O O O O B-round_trip I-round_trip O O B-fromloc.city_name O B-toloc.city_name
O O O O O B-fromloc.city_name O B-toloc.city_name
O O O O O O B-class_type O B-fromloc.city_name O B-toloc.city_name O B-depart_date.month_name B-depart_date.day_number I-depart_date.day_number O B-airline_name I-airline_name B-flight_number
B-round_trip I-round_trip O O B-fromloc.city_name O B-toloc.city_name B-cost_relative B-fare_amount I-fare_amount
O O O B-cost_relative O O B-fromloc.city_name O B-toloc.city_name
O O O B-cost_relative O O O O B-fromloc.city_name O B-toloc.city_name O B-depart_date.day_name B-depart_time.time_relative B-depart_time.time I-depart_time.time
O O O B-cost_relative B-round_trip I-round_trip O O B-fromloc.city_name O B-toloc.city_name O
O O O O O B-fromloc.city_name O B-toloc.city_name
O O O O O B-economy O O O B-fromloc.city_name O B-toloc.city_name
O O O O O O B-economy O O B-fromloc.city_name O B-toloc.city_name
O O O O O B-airline_name I-airline_name O B-flight_number O B-fromloc.city_name O B-toloc.city_name I-toloc.city_name B-depart_date.day_name B-depart_time.period_of_day
O O O O B-flight_time O B-class_type I-class_type O O B-fromloc.city_name O B-toloc.city_name O O
O O O O O B-depart_time.period_of_day O O B-fromloc.city_name O B-toloc.city_name
O O O B-class_type O O O O B-fromloc.city_name O B-toloc.city_name B-depart_date.day_name B-depart_time.period_of_day
O O O O B-cost_relative B-round_trip I-round_trip O O B-fromloc.city_name O B-toloc.city_name
O O O O B-fromloc.city_name O B-toloc.city_name O O B-cost_relative O B-fare_amount I-fare_amount
O O O O B-airline_code B-flight_number O B-fromloc.city_name O B-toloc.city_name O
O O O O O O O O O O B-toloc.city_name O B-fromloc.city_name O B-depart_date.day_name B-depart_time.period_of_day
O O O B-cost_relative I-cost_relative B-round_trip I-round_trip O O B-fromloc.city_name O B-toloc.city_name
O O O O O B-fromloc.city_name O B-toloc.city_name O B-class_type B-round_trip I-round_trip
O O O O B-airline_code B-flight_number O B-fromloc.city_name O B-toloc.city_name O
O O O B-cost_relative O O B-fromloc.city_name O B-toloc.city_name I-toloc.city_name
O O O O B-cost_relative O O B-fromloc.city_name O B-toloc.city_name O O O O B-stoploc.city_name
O O O O O O O O O B-fromloc.city_name O B-toloc.city_name O B-depart_date.month_name B-depart_date.day_number B-round_trip I-round_trip O
O O O B-round_trip I-round_trip O O B-fromloc.city_name O B-toloc.city_name
B-round_trip I-round_trip O O B-fromloc.city_name O B-toloc.city_name B-cost_relative B-fare_amount I-fare_amount O B-fromloc.city_name O B-toloc.city_name B-cost_relative B-fare_amount I-fare_amount
O O O O O O O O B-fromloc.city_name O B-toloc.city_name I-toloc.city_name
O O O B-cost_relative O B-fare_amount I-fare_amount O O O B-fromloc.city_name O B-toloc.city_name
O O O O O O B-fromloc.city_name O B-toloc.city_name O B-depart_date.month_name B-depart_date.day_number B-depart_date.year
O O O O O B-fromloc.city_name I-fromloc.city_name O B-toloc.city_name O O O B-depart_date.day_name
O O O O O O B-depart_date.month_name B-depart_date.day_number O B-fromloc.city_name O B-toloc.city_name B-round_trip I-round_trip O
O O O O B-fromloc.city_name O B-toloc.city_name I-toloc.city_name
O O O B-cost_relative B-round_trip I-round_trip O O B-fromloc.city_name I-fromloc.city_name O B-toloc.city_name
O O B-round_trip I-round_trip B-class_type I-class_type O O B-fromloc.city_name I-fromloc.city_name O B-toloc.city_name
O O O O O O B-class_type I-class_type O O B-fromloc.city_name O B-toloc.city_name
O O O O O B-class_type I-class_type O O B-airline_name I-airline_name B-round_trip I-round_trip O B-fromloc.city_name O B-toloc.city_name
O O O B-cost_relative O O B-fromloc.city_name O B-toloc.city_name I-toloc.city_name
O O O B-cost_relative I-cost_relative O
O O O B-cost_relative I-cost_relative O
O O O B-cost_relative B-round_trip I-round_trip O O B-fromloc.city_name I-fromloc.city_name O B-toloc.city_name O B-depart_date.day_name B-depart_date.month_name B-depart_date.day_number I-depart_date.day_number
O O O O O B-cost_relative O O B-fromloc.city_name O B-toloc.city_name
O O O O B-fromloc.city_name O B-toloc.city_name I-toloc.city_name
O O B-cost_relative B-round_trip I-round_trip O O B-fromloc.city_name O B-toloc.city_name
O O B-cost_relative B-round_trip I-round_trip O O B-fromloc.city_name O B-toloc.city_name
O O O B-cost_relative B-round_trip I-round_trip O O B-fromloc.city_name O B-toloc.city_name
O O B-cost_relative B-round_trip I-round_trip O O B-fromloc.city_name O B-toloc.city_name
O O O O O O O O O B-round_trip I-round_trip O O B-fromloc.city_name O B-toloc.city_name
O O O B-cost_relative B-round_trip I-round_trip O O B-fromloc.city_name O B-toloc.city_name
O O O O B-fromloc.city_name O B-toloc.city_name
O O O O O O B-round_trip I-round_trip O O B-fromloc.city_name O B-toloc.city_name I-toloc.city_name
O O B-round_trip I-round_trip O O B-fromloc.city_name I-fromloc.city_name O B-toloc.city_name
O O O O B-class_type I-class_type O O B-fromloc.city_name O B-toloc.city_name I-toloc.city_name O O B-depart_date.day_name
B-round_trip I-round_trip O O B-fromloc.city_name O B-toloc.city_name B-cost_relative O B-fare_amount I-fare_amount
O O O O O O O B-fromloc.city_name O B-toloc.city_name I-toloc.city_name
O O O O O B-class_type I-class_type O O B-fromloc.city_name O B-toloc.city_name O O O O B-stoploc.city_name
O O O O O O B-connect O O B-fromloc.city_name O B-toloc.city_name O O B-depart_date.month_name B-depart_date.day_number
O O B-round_trip I-round_trip O O B-fromloc.city_name I-fromloc.city_name O B-toloc.city_name
O O O B-round_trip I-round_trip B-class_type O O B-fromloc.city_name O B-toloc.city_name
B-round_trip I-round_trip O O B-fromloc.city_name O B-toloc.city_name B-cost_relative O B-fare_amount I-fare_amount B-or B-round_trip I-round_trip O O B-fromloc.city_name O B-toloc.city_name B-cost_relative O B-fare_amount I-fare_amount B-or B-round_trip I-round_trip O O B-fromloc.city_name O B-toloc.city_name B-cost_relative O B-fare_amount I-fare_amount
O O O O O O O O B-fromloc.city_name O B-toloc.city_name O O B-depart_time.period_of_day
O O O O O O O B-fromloc.city_name O B-toloc.city_name I-toloc.city_name O B-airline_name I-airline_name O B-flight_number
O O O O B-class_type I-class_type B-round_trip I-round_trip O B-fromloc.city_name O B-toloc.city_name I-toloc.city_name
O O O O O B-fromloc.city_name O B-toloc.city_name
O O O O O B-depart_date.month_name B-depart_date.day_number O B-round_trip I-round_trip O B-fromloc.city_name O B-toloc.city_name I-toloc.city_name
O O B-round_trip I-round_trip O O B-fromloc.city_name O B-toloc.city_name B-toloc.state_code
O O O B-cost_relative O O B-fromloc.city_name O B-toloc.city_name
O O O B-cost_relative B-round_trip I-round_trip O O B-fromloc.city_name O B-toloc.city_name I-toloc.city_name
O O O O O O O O B-fromloc.city_name O B-toloc.city_name O O B-depart_date.day_name
O O O O O O B-round_trip I-round_trip O O B-fromloc.city_name O B-toloc.city_name O B-airline_name I-airline_name
O O O O O B-fromloc.city_name O B-toloc.city_name
O O O O
O O O B-cost_relative B-round_trip I-round_trip O O B-fromloc.city_name O B-toloc.city_name
O O O O B-class_type I-class_type O O B-fromloc.city_name O B-toloc.city_name I-toloc.city_name
O O O O O B-fromloc.city_name O B-toloc.city_name I-toloc.city_name O O B-airline_code B-flight_number
O O O O O O B-class_type B-economy O O B-fromloc.city_name O B-toloc.city_name I-toloc.city_name
B-round_trip I-round_trip O O B-fromloc.city_name O B-toloc.city_name B-cost_relative O B-fare_amount I-fare_amount
O O O B-cost_relative B-round_trip I-round_trip O O B-fromloc.city_name O B-toloc.city_name
O B-class_type I-class_type O O B-airline_name I-airline_name O B-fromloc.city_name O B-toloc.city_name
O O B-round_trip I-round_trip O O B-fromloc.city_name I-fromloc.city_name O B-toloc.city_name
O O O B-class_type I-class_type O O B-fromloc.city_name O B-toloc.city_name
O O O O O O B-fromloc.city_name O B-toloc.city_name
O O O O O B-class_type I-class_type O B-fromloc.city_name O B-toloc.city_name
O O B-round_trip I-round_trip O O B-fromloc.city_name O B-toloc.city_name
O O O O O O O O B-fromloc.city_name O B-toloc.city_name
B-round_trip I-round_trip O O B-fromloc.city_name O B-toloc.city_name B-cost_relative O B-fare_amount I-fare_amount
O O O B-class_type O O B-fromloc.city_name O B-toloc.city_name B-depart_date.day_name B-depart_time.period_of_day
O O O O O O B-class_type I-class_type O O B-fromloc.city_name O B-toloc.city_name I-toloc.city_name
B-cost_relative B-round_trip I-round_trip O O B-fromloc.city_name O B-toloc.city_name
O O O O B-airline_name I-airline_name B-fromloc.city_name O B-toloc.city_name B-flight_days B-flight_stop O
O O O O O O O O B-fromloc.city_name O B-toloc.city_name
O O O B-class_type I-class_type O O B-fromloc.city_name I-fromloc.city_name I-fromloc.city_name O B-toloc.city_name I-toloc.city_name
O O O O O O O O B-fromloc.city_name O B-toloc.city_name B-toloc.state_code
O O O B-round_trip I-round_trip O O O B-class_type I-class_type O O B-fromloc.city_name O B-toloc.city_name I-toloc.city_name
O O B-cost_relative B-round_trip I-round_trip O O B-fromloc.city_name O O O
O O O B-cost_relative B-round_trip I-round_trip O O O O O O
O O O O O B-cost_relative B-round_trip I-round_trip O O B-fromloc.city_name O B-toloc.city_name
O O O O O O O B-fromloc.city_name O B-toloc.city_name O B-depart_date.day_name O B-depart_date.day_name
O O O O O B-airline_code O B-flight_number O B-fromloc.city_name O B-toloc.city_name
B-class_type I-class_type O B-fromloc.city_name I-fromloc.city_name B-fromloc.city_name B-round_trip I-round_trip
O O O B-class_type I-class_type O O B-fromloc.city_name O B-toloc.city_name
B-cost_relative O O B-fromloc.city_name I-fromloc.city_name O B-toloc.city_name I-toloc.city_name
O O O O B-fromloc.city_name O B-toloc.city_name
O O O O O B-airline_name I-airline_name O O B-fromloc.city_name O B-toloc.city_name
O O O B-round_trip I-round_trip O O B-fromloc.city_name I-fromloc.city_name O B-toloc.city_name I-toloc.city_name
O O O B-cost_relative O O B-fromloc.city_name O B-toloc.city_name I-toloc.city_name O B-depart_date.day_name B-depart_date.month_name B-depart_date.day_number
O O O B-cost_relative O O B-fromloc.city_name I-fromloc.city_name O B-toloc.city_name B-round_trip I-round_trip
O O O O O O O O O O O B-airline_name I-airline_name
B-cost_relative O O B-fromloc.city_name I-fromloc.city_name O B-toloc.city_name
O O O B-round_trip I-round_trip O O B-airline_name B-flight_number O B-fromloc.city_name O B-toloc.city_name I-toloc.city_name O B-round_trip
O O O O O B-depart_date.month_name B-depart_date.day_number O B-round_trip I-round_trip O B-fromloc.city_name I-fromloc.city_name O B-toloc.city_name
O O O B-class_type I-class_type O O B-fromloc.city_name I-fromloc.city_name O B-toloc.city_name O O O B-depart_date.day_name
O O O B-class_type I-class_type O O B-fromloc.city_name O B-toloc.city_name
O O O O B-cost_relative O O B-fromloc.city_name O B-toloc.city_name I-toloc.city_name
O O O O O O O O O O B-fromloc.city_name O B-toloc.city_name O O O O B-stoploc.city_name
O O O B-class_type I-class_type O O B-fromloc.city_name O B-toloc.city_name
O O O O O B-class_type I-class_type O O O O O B-fromloc.city_name O B-toloc.city_name
O O O O B-economy O O B-fromloc.city_name O B-toloc.city_name I-toloc.city_name O B-depart_date.month_name B-depart_date.day_number
O O O O O O B-fromloc.city_name O B-toloc.city_name I-toloc.city_name I-toloc.city_name B-round_trip I-round_trip O B-depart_date.month_name B-depart_date.day_number
O O B-cost_relative B-round_trip I-round_trip O O B-fromloc.airport_code O O O
O O O B-round_trip I-round_trip O O B-fromloc.city_name O B-toloc.city_name
O O O O O O O O O B-fromloc.city_name O B-toloc.airport_name I-toloc.airport_name B-depart_date.date_relative B-depart_date.day_name
O O O O O O O B-fromloc.city_name O B-toloc.airport_code
O O O O O O O
O O O O O O O B-fromloc.city_name O B-toloc.airport_code O O B-airline_name I-airline_name
O O O O B-cost_relative O O B-fromloc.city_name O B-toloc.city_name
O O O O O O O O B-fromloc.city_name O B-toloc.city_name
O O B-fromloc.city_name O B-toloc.city_name
B-round_trip I-round_trip O O B-fromloc.city_name O B-toloc.city_name B-cost_relative O B-fare_amount I-fare_amount B-round_trip I-round_trip O O B-fromloc.city_name O B-toloc.city_name B-cost_relative O B-fare_amount I-fare_amount B-round_trip I-round_trip O O B-fromloc.city_name O B-toloc.city_name B-cost_relative O B-fare_amount I-fare_amount
O O O O O O B-airline_code B-flight_number O B-fromloc.city_name O B-toloc.city_name
O O O O O O O O B-fromloc.city_name O B-toloc.city_name I-toloc.city_name
O O O O O B-fromloc.city_name O B-toloc.city_name I-toloc.city_name O B-airline_name I-airline_name O B-flight_number
O O B-cost_relative B-round_trip I-round_trip O O B-fromloc.city_name O B-toloc.city_name I-toloc.city_name
B-airline_code B-flight_number B-fromloc.city_name O B-toloc.city_name O O O O
O O B-cost_relative B-round_trip I-round_trip O O B-fromloc.city_name O B-toloc.airport_code
O O O O O B-cost_relative O O B-fromloc.city_name O B-toloc.city_name O B-depart_date.month_name B-depart_date.day_number I-depart_date.day_number
O O B-fromloc.city_name O B-toloc.city_name
O O O O O O O B-class_type I-class_type O O O O O O B-fromloc.city_name O B-toloc.city_name I-toloc.city_name O B-depart_date.day_name
O O O B-cost_relative O O B-fromloc.city_name O B-toloc.city_name
O O O B-cost_relative I-cost_relative B-round_trip I-round_trip O O B-fromloc.city_name O B-toloc.city_name I-toloc.city_name
O O O B-cost_relative O O B-fromloc.city_name O B-toloc.city_name
O O O B-cost_relative O O B-fromloc.city_name O B-toloc.city_name
O B-airline_name I-airline_name B-class_type I-class_type O O O O O B-fromloc.city_name O B-toloc.city_name O B-depart_date.month_name B-depart_date.day_number
O O O B-cost_relative I-cost_relative B-round_trip I-round_trip O O B-fromloc.city_name O B-toloc.city_name O B-airline_name I-airline_name
O O O O B-fromloc.city_name O B-toloc.city_name
O O B-cost_relative I-cost_relative O O O O O O O B-fromloc.city_name O B-toloc.city_name O O B-arrive_date.month_name B-arrive_date.day_number
O B-economy I-economy O B-fromloc.city_name O B-toloc.city_name O B-arrive_date.month_name B-arrive_date.day_number O O O O O O B-cost_relative O O
O O O O B-cost_relative B-round_trip I-round_trip O O B-fromloc.city_name O B-toloc.city_name O B-depart_date.month_name O B-depart_date.day_number
O O O B-cost_relative B-round_trip I-round_trip O O B-airline_name B-flight_number B-round_trip I-round_trip B-fromloc.city_name B-fromloc.city_name I-fromloc.city_name
O O O O O O O O B-fromloc.city_name O B-toloc.city_name
O O O B-cost_relative I-cost_relative O O B-airline_name O O B-fromloc.city_name O B-toloc.city_name I-toloc.city_name
O O O O O O B-class_type I-class_type O O B-fromloc.city_name I-fromloc.city_name I-fromloc.city_name O B-toloc.city_name I-toloc.city_name
O O O B-cost_relative O O O B-toloc.city_name I-toloc.city_name O B-fromloc.city_name
O O O B-cost_relative B-round_trip I-round_trip O O B-fromloc.city_name O B-toloc.city_name
O O O O O B-fromloc.city_name I-fromloc.city_name O B-toloc.city_name O O B-depart_time.period_mod O O B-depart_time.period_of_day
B-round_trip I-round_trip B-class_type I-class_type O B-fromloc.city_name I-fromloc.city_name O B-toloc.city_name
B-depart_date.month_name B-depart_date.day_number O O O O O O B-round_trip I-round_trip O O B-class_type I-class_type O B-airline_name I-airline_name O O B-fromloc.city_name O O B-toloc.city_name
O O O O O O O O B-fromloc.city_name O B-toloc.city_name
O O O B-cost_relative O O O B-round_trip I-round_trip O O B-fromloc.city_name O B-toloc.city_name
O O O O B-fromloc.city_name O B-toloc.city_name I-toloc.city_name
O O O O O O B-fromloc.city_name O B-toloc.city_name B-round_trip I-round_trip O B-depart_date.month_name B-depart_date.day_number
O O O B-round_trip I-round_trip O O B-fromloc.city_name O B-toloc.city_name
O O O O O O B-round_trip I-round_trip O O B-fromloc.city_name O B-toloc.city_name
O O O O O O O B-fromloc.city_name O B-toloc.city_name
O O O O B-round_trip I-round_trip B-economy O O B-fromloc.city_name O B-toloc.city_name
B-cost_relative O O B-fromloc.city_name O B-toloc.city_name
O O O B-cost_relative O O B-fromloc.city_name O B-toloc.city_name I-toloc.city_name O O B-depart_date.month_name B-depart_date.day_number
O O O B-round_trip I-round_trip B-class_type I-class_type O O B-airline_name O B-fromloc.city_name O B-toloc.city_name I-toloc.city_name
O O O B-round_trip I-round_trip O O B-fromloc.city_name O B-toloc.city_name
O O B-cost_relative B-round_trip I-round_trip O O B-fromloc.city_name O B-toloc.city_name
B-airline_code B-flight_number B-fromloc.city_name O B-toloc.city_name O O O B-round_trip I-round_trip O
O O O B-cost_relative O O O B-fromloc.city_name O B-toloc.city_name
O O O O O B-airline_name O B-flight_number O B-fromloc.city_name O B-toloc.city_name
O O O O O B-cost_relative B-round_trip I-round_trip O O B-fromloc.city_name O B-toloc.city_name I-toloc.city_name
O O B-cost_relative O O O B-round_trip I-round_trip O B-fromloc.city_name O B-toloc.city_name O B-depart_date.month_name B-depart_date.day_number I-depart_date.day_number
O O O B-cost_relative B-round_trip I-round_trip O O B-fromloc.city_name O B-toloc.city_name
O O O B-class_type I-class_type O O O O B-fromloc.city_name O B-toloc.city_name
O O O B-class_type I-class_type O O B-fromloc.city_name O B-toloc.city_name
O O O O O O B-round_trip I-round_trip O O B-fromloc.city_name O B-toloc.city_name
O O O O O B-fromloc.city_name O B-toloc.city_name
O O B-cost_relative B-class_type I-class_type O O B-fromloc.city_name O B-toloc.city_name I-toloc.city_name
O O O O O O O B-round_trip I-round_trip O B-fromloc.city_name O B-toloc.city_name B-class_type I-class_type
O O O O O B-depart_date.day_name O B-fromloc.city_name O O O B-toloc.city_name
O O O O O O B-round_trip I-round_trip O B-class_type I-class_type O B-fromloc.airport_code O B-toloc.airport_code
O O B-round_trip I-round_trip O O B-fromloc.city_name I-fromloc.city_name O B-toloc.city_name B-flight_stop
O B-class_type I-class_type O O B-fromloc.city_name I-fromloc.city_name O B-toloc.city_name O B-airline_name I-airline_name
O O O O O B-cost_relative I-cost_relative B-class_type I-class_type B-round_trip I-round_trip O O B-airline_name I-airline_name O B-fromloc.city_name O B-toloc.city_name
O O O B-class_type I-class_type O O B-fromloc.city_name O B-toloc.city_name
O O B-class_type I-class_type O O B-fromloc.city_name O B-toloc.city_name
O O O O O B-class_type I-class_type O O B-fromloc.city_name O B-toloc.city_name
O O O B-class_type O O O O B-fromloc.city_name O B-toloc.city_name O B-depart_time.time_relative B-depart_time.time I-depart_time.time
O O O B-cost_relative O O B-fromloc.city_name O B-toloc.city_name B-round_trip I-round_trip
O O B-economy O O B-fromloc.city_name O B-toloc.city_name
O O O B-class_type O O O O B-fromloc.city_name O B-toloc.city_name
O O O O O O O B-fromloc.city_name O B-toloc.city_name O B-airline_name I-airline_name
