O O O O O B-fromloc.airport_name I-fromloc.airport_name O B-toloc.city_name
O O O O O B-fromloc.airport_name I-fromloc.airport_name I-fromloc.airport_name I-fromloc.airport_name O B-toloc.city_name I-toloc.city_name
O O O O B-fromloc.airport_name I-fromloc.airport_name O O O
O O O O O O O O B-fromloc.city_name
O O O O O O O O B-fromloc.airport_name I-fromloc.airport_name O O O O B-toloc.city_name
O O O O O O O O B-fromloc.city_name I-fromloc.city_name O B-toloc.city_name I-toloc.city_name
O O O O O B-fromloc.airport_name I-fromloc.airport_name O O B-toloc.city_name
O O O O O O O O B-fromloc.city_name O B-toloc.city_name
O O O O O O B-fromloc.city_name I-fromloc.city_name
O O O O O B-fromloc.airport_name I-fromloc.airport_name O B-toloc.city_name I-toloc.city_name O
O O O O O O O B-fromloc.airport_name I-fromloc.airport_name I-fromloc.airport_name I-fromloc.airport_name O B-fromloc.city_name
O O O O O O O B-fromloc.city_name
O O O O O B-fromloc.airport_name I-fromloc.airport_name I-fromloc.airport_name I-fromloc.airport_name O B-toloc.city_name I-toloc.city_name I-toloc.city_name
O O O O O O O O B-fromloc.city_name O B-toloc.city_name
O O O O O B-fromloc.airport_name I-fromloc.airport_name I-fromloc.airport_name I-fromloc.airport_name O B-toloc.city_name I-toloc.city_name
O O O O O O B-fromloc.airport_name I-fromloc.airport_name O O B-toloc.city_name
O O O O O B-fromloc.airport_name I-fromloc.airport_name I-fromloc.airport_name O B-toloc.city_name
O O O O O B-fromloc.airport_name I-fromloc.airport_name O B-toloc.city_name
O O O B-fromloc.airport_name I-fromloc.airport_name O O
O O O O O O B-fromloc.city_name O B-toloc.city_name I-toloc.city_name O B-depart_time.time O B-depart_date.month_name B-depart_date.day_number
