O O O O O B-flight_stop O O O O B-fromloc.city_name O B-toloc.city_name
O O O O B-airline_name O O O O O O O B-fare_basis_code
O O O O O O
O O O O O O B-fromloc.city_name O B-toloc.city_name I-toloc.city_name I-toloc.city_name B-depart_time.time_relative B-depart_time.time I-depart_time.time O O B-depart_time.period_of_day
O O B-airline_name I-airline_name O O O B-fromloc.city_name
O O O O O B-fromloc.city_name O B-toloc.city_name O B-depart_date.month_name B-depart_date.day_number
O O B-airline_name O O O B-fromloc.city_name
O O O O B-airline_code O O B-class_type I-class_type
O O O O B-airline_name B-flight_number O B-fromloc.city_name O B-toloc.city_name I-toloc.city_name
O O O O O O O O B-class_type I-class_type O
O O O O O O O O B-fare_basis_code
O O B-airline_name O O O O B-fromloc.city_name I-fromloc.city_name O
O O O O B-city_name O
O O B-class_type I-class_type O O B-airline_name O B-depart_date.today_relative
O O B-flight_days B-airline_name I-airline_name O O O O B-fromloc.city_name O B-toloc.city_name
O O B-class_type I-class_type O O B-airline_name O B-depart_date.today_relative
O O O O O O O O B-class_type I-class_type O
O O O O B-airline_name I-airline_name O O B-fromloc.city_name O B-toloc.city_name
O O B-airline_name O O O O B-toloc.city_name I-toloc.city_name
O O O O O O O O O O B-airline_name
O O O O O B-round_trip I-round_trip O B-fromloc.city_name O B-toloc.city_name
O O B-class_type I-class_type O O B-airline_name O O O O O B-depart_date.today_relative
O O O O O O O O O O B-fare_basis_code
O O O O O O B-airline_name I-airline_name O B-class_type I-class_type O
O O O O O O B-economy I-economy
O O B-class_type I-class_type O O B-airline_name I-airline_name O O O B-fromloc.city_name B-depart_date.today_relative
O O O O O O O
O O B-flight_stop O O O B-fromloc.city_name O B-toloc.city_name B-arrive_date.month_name B-arrive_date.day_number I-arrive_date.day_number
O O O B-airline_name B-depart_time.period_of_day O O B-class_type I-class_type
O O B-airline_name I-airline_name O O B-fromloc.city_name B-depart_date.month_name B-depart_date.day_number
O O B-class_type I-class_type O O B-airline_name O O O O O B-depart_date.today_relative
O O O O O B-toloc.airport_name I-toloc.airport_name I-toloc.airport_name
O O O O O O O O O O B-airline_name
O O O O B-airline_name O O O O B-fromloc.city_name
O O B-class_type I-class_type O O O O B-airline_name I-airline_name
O O O O O B-fromloc.city_name I-fromloc.city_name O B-toloc.city_name I-toloc.city_name O O O B-stoploc.city_name
O O O O O O B-airline_name O B-class_type I-class_type O
O O O O O B-round_trip I-round_trip O B-fromloc.city_name O B-toloc.city_name
O O O O B-airline_name I-airline_name O O O O O O O B-fare_basis_code
O O O O B-airline_code O O B-class_type I-class_type
O O O O O O B-airline_name O B-class_type I-class_type O
O O O O O O B-airline_name I-airline_name O B-class_type I-class_type O
O O O O O O B-airline_name O B-class_type I-class_type O
O O B-class_type I-class_type O O B-airline_name I-airline_name O
O O O O B-airline_name I-airline_name O O O O O O O B-fare_basis_code
O O O O O O B-airline_code O B-class_type I-class_type O
O O B-class_type I-class_type O O B-airline_name O O O O O B-depart_date.today_relative
O O O O B-airline_name I-airline_name O O B-fromloc.city_name O B-toloc.city_name
O O O O O B-fromloc.city_name O B-toloc.city_name O B-depart_date.month_name B-depart_date.day_number
O O B-flight_stop O O O O O B-fromloc.city_name O B-toloc.city_name I-toloc.city_name O O B-arrive_time.time_relative B-arrive_time.time I-arrive_time.time I-arrive_time.time
O O O O O O B-fromloc.city_name I-fromloc.city_name O B-toloc.city_name O B-depart_date.month_name B-depart_date.day_number
