O O O B-flight_time I-flight_time O B-fromloc.city_name I-fromloc.city_name O O B-depart_time.time I-depart_time.time O O B-fromloc.city_name
O O O B-flight_time O O O O O O B-fromloc.city_name I-fromloc.city_name O O B-toloc.city_name O B-depart_date.month_name B-depart_date.day_number
O B-airline_name I-airline_name O O O B-flight_time I-flight_time O B-fromloc.city_name O B-toloc.city_name
O O O B-flight_time O O O B-fromloc.city_name O B-toloc.city_name I-toloc.city_name O B-depart_date.month_name B-depart_date.day_number
O O O B-flight_time I-flight_time O O B-aircraft_code O B-fromloc.city_name O B-toloc.city_name
O O B-flight_time O O O B-fromloc.city_name I-fromloc.city_name O B-toloc.city_name
O O O O B-flight_time O O O O B-fromloc.city_name I-fromloc.city_name O B-toloc.city_name O B-depart_date.day_name
O O O O O B-flight_time O O O B-airline_name O B-airline_name O B-toloc.airport_code O B-depart_date.month_name B-depart_date.day_number
O O O B-flight_time I-flight_time O B-fromloc.city_name O B-toloc.city_name
O O O B-flight_time I-flight_time O B-fromloc.city_name O B-toloc.city_name
O O O B-flight_time I-flight_time O B-fromloc.city_name O B-toloc.city_name I-toloc.city_name O B-depart_date.day_name B-depart_time.period_of_day
O B-flight_time O B-depart_date.day_name O O O O O O B-fromloc.city_name O B-toloc.city_name
O O O O B-flight_time O O O O B-fromloc.city_name O B-toloc.city_name
O O B-flight_time O B-class_type O O B-fromloc.city_name O B-toloc.city_name O B-depart_date.day_name
O O O B-flight_time O O O B-fromloc.city_name O O B-toloc.city_name I-toloc.city_name O B-depart_date.date_relative B-depart_date.day_name
O O O B-flight_time I-flight_time O O B-flight_mod O O B-airline_name I-airline_name O B-fromloc.city_name O B-toloc.city_name
O O O B-flight_time I-flight_time O B-fromloc.city_name O B-toloc.city_name
O B-flight_time O B-airline_name O O B-fromloc.city_name O B-toloc.city_name I-toloc.city_name
O B-flight_time O O B-airline_code B-flight_number O
O O O B-flight_time I-flight_time O B-fromloc.city_name O B-toloc.city_name
O O O O O O O B-airport_name I-airport_name
O O O O B-flight_time O O O O B-depart_date.day_name B-depart_time.period_of_day O B-fromloc.city_name O O B-fromloc.city_name I-fromloc.city_name I-fromloc.city_name O B-toloc.city_name
O O O B-flight_mod B-flight_time I-flight_time O B-fromloc.city_name O B-toloc.city_name
O O O B-flight_time I-flight_time O B-fromloc.city_name O B-toloc.city_name
O O O B-flight_time I-flight_time O B-fromloc.city_name O B-toloc.city_name I-toloc.city_name
O B-flight_time O O B-depart_date.day_name B-depart_time.period_of_day B-depart_time.time O O B-fromloc.city_name O O B-toloc.city_name I-toloc.city_name
O O O O B-flight_time O O O B-fromloc.city_name I-fromloc.city_name O B-toloc.city_name O B-depart_date.day_name
O B-flight_time O O O O O B-fromloc.city_name O B-toloc.city_name O B-depart_date.month_name B-depart_date.day_number
O O O O B-flight_time O O O B-fromloc.city_name O B-toloc.city_name I-toloc.city_name O B-depart_date.day_name
B-flight_time O B-airline_name O O B-fromloc.city_name O B-toloc.city_name O B-depart_date.day_name
O B-flight_time O O O O B-fromloc.city_name O B-toloc.city_name I-toloc.city_name
O O O O B-flight_time I-flight_time O B-depart_time.period_of_day O B-airline_name I-airline_name O B-depart_date.month_name B-depart_date.day_number O B-fromloc.city_name O B-toloc.city_name I-toloc.city_name
O O B-flight_time O O O B-fromloc.city_name O B-toloc.city_name O B-depart_date.month_name B-depart_date.day_number
O O O O B-flight_time O B-airline_name O O O O
O O O O B-flight_time O B-flight_mod O O B-fromloc.city_name O B-toloc.city_name
O O O B-flight_time O O O B-fromloc.city_name O B-toloc.city_name B-depart_date.date_relative B-depart_date.day_name
O B-flight_time O O O O B-fromloc.city_name O O B-toloc.city_name I-toloc.city_name O B-airline_name I-airline_name
O O O B-flight_time I-flight_time I-flight_time O B-fromloc.city_name O B-toloc.city_name O O B-depart_time.period_of_day O B-depart_date.month_name B-depart_date.day_number
O O B-airline_name B-flight_time O B-depart_time.period_of_day O O B-toloc.city_name
O O B-airline_name B-flight_time O B-depart_time.period_of_day O O B-toloc.city_name
O O O B-flight_time O O O O B-fromloc.airport_name I-fromloc.airport_name O O
O B-flight_time O B-airline_code O O B-fromloc.city_name O O O B-toloc.city_name I-toloc.city_name
O B-flight_time O O B-flight_mod O O O O B-fromloc.city_name O B-toloc.city_name O
O O O O B-depart_time.period_of_day B-flight_time O O O B-fromloc.city_name I-fromloc.city_name O B-toloc.city_name
O O O O B-flight_time I-flight_time O O O O O O B-fromloc.city_name O B-toloc.city_name O O B-depart_time.period_of_day B-depart_time.time_relative B-depart_time.time
O B-flight_time O O B-depart_time.period_of_day I-depart_time.period_of_day O O O B-fromloc.city_name O B-toloc.city_name
O B-flight_time O O O B-fromloc.city_name O B-toloc.city_name I-toloc.city_name O B-airline_name I-airline_name
O B-flight_time I-flight_time O B-fromloc.city_name O B-toloc.city_name O O B-depart_time.time_relative O B-depart_time.time I-depart_time.time O B-depart_time.time_relative O B-depart_time.time I-depart_time.time
O O O O B-flight_time O O B-flight_mod O O O B-depart_time.period_of_day O B-fromloc.city_name O B-toloc.city_name O B-airline_name I-airline_name
O O O B-flight_time I-flight_time O B-fromloc.city_name O B-toloc.city_name
O O O O O B-flight_time O O B-flight_mod O O O O O B-fromloc.city_name O B-toloc.city_name I-toloc.city_name O O O O O B-meal_description I-meal_description
O B-flight_time O O B-flight_mod O O B-fromloc.city_name O B-toloc.city_name I-toloc.city_name
O O O O O B-flight_time I-flight_time O O B-depart_time.period_of_day O B-depart_date.month_name B-depart_date.day_number O B-fromloc.city_name O B-toloc.city_name I-toloc.city_name
O O O O O B-flight_time O O O O O B-fromloc.city_name O B-toloc.city_name O O B-depart_time.period_of_day
